INFO 2014-09-17 23:48:58,460 forms login 1330 4471484416 userid=1 action=登录 username=root verify_code=zrns level=0 
INFO 2014-09-17 23:51:24,301 forms login 1330 4471484416 userid=1 action=登录 username=root verify_code=q6p2 level=0 
INFO 2014-09-17 23:52:42,691 forms login 1360 4528660480 userid=1 action=登录 username=root verify_code=8bkd level=0 
INFO 2014-09-18 20:10:46,227 forms login 6408 4551569408 userid=1 action=登录 username=root verify_code=v9se level=0 
INFO 2014-09-21 19:45:58,842 forms login 3233 4432867328 userid=1 action=登录 username=root verify_code=y5dv level=0 
INFO 2014-09-21 23:14:48,222 forms login 5599 4414414848 userid=1 action=登录 username=root verify_code=y473 level=0 
INFO 2014-09-22 20:48:25,764 forms login 7305 4565069824 userid=1 action=登录 username=root verify_code=tcyn level=0 
INFO 2014-09-22 20:48:57,867 forms login 7320 4330885120 userid=1 action=登录 username=root verify_code=bht7 level=0 
INFO 2014-09-22 20:49:40,485 forms login 7320 4330885120 userid=1 action=登录 username=root verify_code=mpq9 level=0 
INFO 2014-09-22 22:38:39,698 forms login 525 4333547520 userid=1 action=登录 username=root verify_code=kvn8 level=0 
INFO 2014-09-24 18:45:41,678 forms login 5748 4350701568 userid=1 action=登录 username=root verify_code=k3cm level=0 
INFO 2014-09-24 21:57:20,849 forms login 518 4482457600 userid=1 action=登录 username=root verify_code=3w43 level=0 
INFO 2014-09-26 23:08:38,948 forms login 958 4480921600 userid=1 action=登录 username=root verify_code=n9f5 level=0 
INFO 2014-09-26 23:11:30,938 forms login 958 4480921600 userid=1 action=登录 username=root verify_code=zp6v level=0 
INFO 2014-09-27 14:28:22,654 forms login 321 4427288576 userid=1 action=登录 username=root verify_code=zsfk level=0 
INFO 2014-09-28 19:35:41,536 forms login 4712 4394807296 userid=1 action=登录 username=root verify_code=gkdh level=0 
INFO 2014-09-28 22:59:51,080 forms login 542 4382494720 userid=1 action=登录 username=root verify_code=x9i5 level=0 
INFO 2014-09-29 09:43:44,908 forms login 1125 4480741376 userid=1 action=登录 username=root verify_code=0aql level=0 
INFO 2014-09-29 20:51:09,090 forms login 7321 4385013760 userid=1 action=登录 username=root verify_code=2bs0 level=0 
INFO 2014-09-29 20:51:43,518 forms login 7321 4385013760 userid=1 action=登录 username=root verify_code=w2d0 level=0 
INFO 2014-09-29 20:52:33,748 forms login 7348 4465844224 userid=1 action=登录 username=root verify_code=4s0m level=0 
INFO 2014-09-29 23:45:44,537 forms login 333 4430118912 userid=1 action=登录 username=root verify_code=c6sd level=0 
INFO 2014-09-30 22:34:14,887 forms login 506 4361203712 userid=1 action=登录 username=root verify_code=z55t level=0 
INFO 2014-10-01 20:12:11,477 forms login 420 4432134144 userid=1 action=登录 username=root verify_code=n3r6 level=0 
